\BOOKMARK [1][-]{section.1}{Re\235en\355 - Model neurcitosti}{}% 1
\BOOKMARK [2][-]{subsection.1.1}{Prvn\355 \372kol - v\375pocet nastaven\355 ventilu}{section.1}% 2
\BOOKMARK [2][-]{subsection.1.2}{Druh\375 \372kol - linearizace ve dvou pracovn\355ch bodech}{section.1}% 3
\BOOKMARK [3][-]{subsubsection.1.2.1}{Konstantn\355 prutoky - men\355 se hladina}{subsection.1.2}% 4
\BOOKMARK [3][-]{subsubsection.1.2.2}{Konstantn\355 hladina - men\355 se prutoky}{subsection.1.2}% 5
\BOOKMARK [2][-]{subsection.1.3}{Tret\355 \372kol - urcen\355 prenosu syst\351mu}{section.1}% 6
\BOOKMARK [3][-]{subsubsection.1.3.1}{Numerick\351 urcen\355 neurcitosti}{subsection.1.3}% 7
\BOOKMARK [2][-]{subsection.1.4}{Ctvrt\375 \372kol - Porovn\341n\355 velikost\355 neurcitost\355}{section.1}% 8
\BOOKMARK [1][-]{section.2}{Re\235en\355 - N\341vrh regul\341toru}{}% 9
\BOOKMARK [2][-]{subsection.2.1}{Prvn\355 \372kol - n\341vrh parametru PI regulatoru}{section.2}% 10
\BOOKMARK [3][-]{subsubsection.2.1.1}{Vnitrn\355 stabilita uzavren\351 smycky}{subsection.2.1}% 11
\BOOKMARK [3][-]{subsubsection.2.1.2}{Robustnost ve stabilite}{subsection.2.1}% 12
\BOOKMARK [3][-]{subsubsection.2.1.3}{Podm\355nka \372tlumu komplementr\341n\355 citlivostn\355 funkce}{subsection.2.1}% 13
\BOOKMARK [3][-]{subsubsection.2.1.4}{Omezen\355 zes\355len\355 energie \235umu}{subsection.2.1}% 14
\BOOKMARK [2][-]{subsection.2.2}{Druh\375 \372kol - kontrola zes\355len\355 poruch}{section.2}% 15
\BOOKMARK [2][-]{subsection.2.3}{Tret\355 \372kol - urcen\355 maxim\341ln\355ho kol\355s\341n\355 hladiny}{section.2}% 16
\BOOKMARK [2][-]{subsection.2.4}{Ctvrt\375 \372kol - urcen\355 nejv\355ce zes\355len\375ch sign\341lu}{section.2}% 17
\BOOKMARK [3][-]{subsubsection.2.4.1}{Ve smyslu maxim\341ln\355 hodnoty sign\341lu}{subsection.2.4}% 18
\BOOKMARK [3][-]{subsubsection.2.4.2}{Ve smyslu energie sign\341lu}{subsection.2.4}% 19
\BOOKMARK [1][-]{section.3}{Z\341ver}{}% 20
